<?xml version="1.0" encoding="UTF-8"?>
<testsuite xmlns:xsi="http://www.w3.org/2001/XMLSchema-instance" xsi:noNamespaceSchemaLocation="https://maven.apache.org/surefire/maven-surefire-plugin/xsd/surefire-test-report-3.0.xsd" version="3.0" name="com.digitalpet.model.DailyHabitsProperties" time="0.591" tests="4" errors="0" skipped="0" failures="0">
  <properties>
[...]
</properties>
  <testcase name="Feature: digital-pet-evolution, Property 6: Reset Functionality" classname="com.digitalpet.model.DailyHabitsProperties" time="0.387">
    <system-out><![CDATA[timestamp = 2026-01-05T01:48:02.359430300, DailyHabitsProperties:Feature: digital-pet-evolution, Property 6: Reset Functionality = 
                              |-----------------------jqwik-----------------------
tries = 1000                  | # of calls to property
checks = 1000                 | # of not rejected calls
generation = RANDOMIZED       | parameters are randomly generated
after-failure = SAMPLE_FIRST  | try previously failed sample, then previous seed
when-fixed-seed = ALLOW       | fixing the random seed is allowed
edge-cases#mode = MIXIN       | edge cases are mixed in
edge-cases#total = 1250       | # of all combined edge cases
edge-cases#tried = 166        | # of edge cases tried in current run
seed = -1619279655034431279   | random seed to reproduce generated values


]]></system-out>
    <system-err><![CDATA[Jan 05, 2026 1:48:02 AM net.jqwik.engine.properties.RandomizedShrinkablesGenerator logEdgeCasesOutnumberTriesIfApplicable
INFO: Edge case generation exceeds number of tries. Stopped after 1250 generated cases.
]]></system-err>
  </testcase>
  <testcase name="Feature: digital-pet-evolution, Property 6: Habit Input Validation Completeness" classname="com.digitalpet.model.DailyHabitsProperties" time="0.104">
    <system-out><![CDATA[timestamp = 2026-01-05T01:48:02.471096500, DailyHabitsProperties:Feature: digital-pet-evolution, Property 6: Habit Input Validation Completeness = 
                              |-----------------------jqwik-----------------------
tries = 1000                  | # of calls to property
checks = 1000                 | # of not rejected calls
generation = RANDOMIZED       | parameters are randomly generated
after-failure = SAMPLE_FIRST  | try previously failed sample, then previous seed
when-fixed-seed = ALLOW       | fixing the random seed is allowed
edge-cases#mode = MIXIN       | edge cases are mixed in
edge-cases#total = 1134       | # of all combined edge cases
edge-cases#tried = 161        | # of edge cases tried in current run
seed = 6295800857021264211    | random seed to reproduce generated values


]]></system-out>
    <system-err><![CDATA[Jan 05, 2026 1:48:02 AM net.jqwik.engine.properties.RandomizedShrinkablesGenerator logEdgeCasesOutnumberTriesIfApplicable
INFO: Edge case generation exceeds number of tries. Stopped after 1134 generated cases.
]]></system-err>
  </testcase>
  <testcase name="Feature: digital-pet-evolution, Property 6: Date Handling Consistency" classname="com.digitalpet.model.DailyHabitsProperties" time="0.049">
    <system-out><![CDATA[timestamp = 2026-01-05T01:48:02.520694600, DailyHabitsProperties:Feature: digital-pet-evolution, Property 6: Date Handling Consistency = 
                              |-----------------------jqwik-----------------------
tries = 365                   | # of calls to property
checks = 365                  | # of not rejected calls
generation = EXHAUSTIVE       | parameters are exhaustively generated
after-failure = SAMPLE_FIRST  | try previously failed sample, then previous seed
when-fixed-seed = ALLOW       | fixing the random seed is allowed
edge-cases#mode = MIXIN       | edge cases are mixed in
edge-cases#total = 0          | # of all combined edge cases
edge-cases#tried = 0          | # of edge cases tried in current run
seed = -4074055753597180064   | random seed to reproduce generated values


]]></system-out>
  </testcase>
  <testcase name="Feature: digital-pet-evolution, Property 6: Static Validation Method Consistency" classname="com.digitalpet.model.DailyHabitsProperties" time="0.036">
    <system-out><![CDATA[timestamp = 2026-01-05T01:48:02.557656, DailyHabitsProperties:Feature: digital-pet-evolution, Property 6: Static Validation Method Consistency = 
                              |-----------------------jqwik-----------------------
tries = 1000                  | # of calls to property
checks = 1000                 | # of not rejected calls
generation = RANDOMIZED       | parameters are randomly generated
after-failure = SAMPLE_FIRST  | try previously failed sample, then previous seed
when-fixed-seed = ALLOW       | fixing the random seed is allowed
edge-cases#mode = MIXIN       | edge cases are mixed in
edge-cases#total = 14         | # of all combined edge cases
edge-cases#tried = 14         | # of edge cases tried in current run
seed = 4974245251550518698    | random seed to reproduce generated values


]]></system-out>
  </testcase>
</testsuite>