<?xml version="1.0" encoding="UTF-8"?>
<testsuite xmlns:xsi="http://www.w3.org/2001/XMLSchema-instance" xsi:noNamespaceSchemaLocation="https://maven.apache.org/surefire/maven-surefire-plugin/xsd/surefire-test-report-3.0.xsd" version="3.0" name="com.digitalpet.service.AccessibilityComplianceProperties" time="0.32" tests="5" errors="0" skipped="0" failures="0">
  <properties>
[...]
</properties>
  <testcase name="Feature: digital-pet-evolution, Property 11: Pet accessibility maintained across evolution stages" classname="com.digitalpet.service.AccessibilityComplianceProperties" time="0.015">
    <system-out><![CDATA[timestamp = 2026-01-05T10:38:38.109307900, AccessibilityComplianceProperties:Feature: digital-pet-evolution, Property 11: Pet accessibility maintained across evolution stages = 
                              |-----------------------jqwik-----------------------
tries = 25                    | # of calls to property
checks = 25                   | # of not rejected calls
generation = EXHAUSTIVE       | parameters are exhaustively generated
after-failure = SAMPLE_FIRST  | try previously failed sample, then previous seed
when-fixed-seed = ALLOW       | fixing the random seed is allowed
edge-cases#mode = MIXIN       | edge cases are mixed in
edge-cases#total = 0          | # of all combined edge cases
edge-cases#tried = 0          | # of edge cases tried in current run
seed = 2744246753321331700    | random seed to reproduce generated values


]]></system-out>
  </testcase>
  <testcase name="Feature: digital-pet-evolution, Property 11: Habit input accessibility maintained across all ranges" classname="com.digitalpet.service.AccessibilityComplianceProperties" time="0.035">
    <system-out><![CDATA[timestamp = 2026-01-05T10:38:38.145181900, AccessibilityComplianceProperties:Feature: digital-pet-evolution, Property 11: Habit input accessibility maintained across all ranges = 
                              |-----------------------jqwik-----------------------
tries = 100                   | # of calls to property
checks = 100                  | # of not rejected calls
generation = RANDOMIZED       | parameters are randomly generated
after-failure = SAMPLE_FIRST  | try previously failed sample, then previous seed
when-fixed-seed = ALLOW       | fixing the random seed is allowed
edge-cases#mode = MIXIN       | edge cases are mixed in
edge-cases#total = 100        | # of all combined edge cases
edge-cases#tried = 17         | # of edge cases tried in current run
seed = -3033516772034061894   | random seed to reproduce generated values


]]></system-out>
    <system-err><![CDATA[Jan 05, 2026 10:38:38 AM net.jqwik.engine.properties.RandomizedShrinkablesGenerator logEdgeCasesOutnumberTriesIfApplicable
INFO: Edge case generation exceeds number of tries. Stopped after 100 generated cases.
]]></system-err>
  </testcase>
  <testcase name="designSystemColorValidationPasses" classname="com.digitalpet.service.AccessibilityComplianceProperties" time="0.006">
    <system-out><![CDATA[timestamp = 2026-01-05T10:38:38.151183400, AccessibilityComplianceProperties:Feature: digital-pet-evolution, Property 11: Design system color validation passes = 
                              |-----------------------jqwik-----------------------
tries = 10                    | # of calls to property
checks = 10                   | # of not rejected calls
generation = RANDOMIZED       | parameters are randomly generated
after-failure = SAMPLE_FIRST  | try previously failed sample, then previous seed
when-fixed-seed = ALLOW       | fixing the random seed is allowed
edge-cases#mode = MIXIN       | edge cases are mixed in
edge-cases#total = 0          | # of all combined edge cases
edge-cases#tried = 0          | # of edge cases tried in current run
seed = -8994893935812077601   | random seed to reproduce generated values


]]></system-out>
    <system-err><![CDATA[Jan 05, 2026 10:38:38 AM net.jqwik.engine.execution.CheckedProperty maybeWarnOnMultipleTriesWithoutForallParameters
WARNING: Running Property [AccessibilityComplianceProperties:Feature: digital-pet-evolution, Property 11: Design system color validation passes] in container [com.digitalpet.service.AccessibilityComplianceProperties] without any @ForAll parameters for 10 tries.
    Maybe you want to change it into an @Example?
]]></system-err>
  </testcase>
  <testcase name="Feature: digital-pet-evolution, Property 11: All color combinations meet WCAG 2.1 AA contrast ratios" classname="com.digitalpet.service.AccessibilityComplianceProperties" time="0.008">
    <system-out><![CDATA[timestamp = 2026-01-05T10:38:38.160178800, AccessibilityComplianceProperties:Feature: digital-pet-evolution, Property 11: All color combinations meet WCAG 2.1 AA contrast ratios = 
                              |-----------------------jqwik-----------------------
tries = 64                    | # of calls to property
checks = 64                   | # of not rejected calls
generation = EXHAUSTIVE       | parameters are exhaustively generated
after-failure = SAMPLE_FIRST  | try previously failed sample, then previous seed
when-fixed-seed = ALLOW       | fixing the random seed is allowed
edge-cases#mode = MIXIN       | edge cases are mixed in
edge-cases#total = 0          | # of all combined edge cases
edge-cases#tried = 0          | # of edge cases tried in current run
seed = 1062036179169553150    | random seed to reproduce generated values


]]></system-out>
  </testcase>
  <testcase name="Feature: digital-pet-evolution, Property 11: All interactive elements meet WCAG 2.1 AA accessibility standards" classname="com.digitalpet.service.AccessibilityComplianceProperties" time="0.252">
    <system-out><![CDATA[timestamp = 2026-01-05T10:38:38.413814100, AccessibilityComplianceProperties:Feature: digital-pet-evolution, Property 11: All interactive elements meet WCAG 2.1 AA accessibility standards = 
                              |-----------------------jqwik-----------------------
tries = 100                   | # of calls to property
checks = 100                  | # of not rejected calls
generation = RANDOMIZED       | parameters are randomly generated
after-failure = SAMPLE_FIRST  | try previously failed sample, then previous seed
when-fixed-seed = ALLOW       | fixing the random seed is allowed
edge-cases#mode = MIXIN       | edge cases are mixed in
edge-cases#total = 128        | # of all combined edge cases
edge-cases#tried = 15         | # of edge cases tried in current run
seed = -4744119818516039137   | random seed to reproduce generated values


]]></system-out>
    <system-err><![CDATA[Jan 05, 2026 10:38:38 AM net.jqwik.engine.properties.RandomizedShrinkablesGenerator logEdgeCasesOutnumberTriesIfApplicable
INFO: Edge case generation exceeds number of tries. Stopped after 128 generated cases.
]]></system-err>
  </testcase>
</testsuite>