<?xml version="1.0" encoding="UTF-8"?>
<testsuite xmlns:xsi="http://www.w3.org/2001/XMLSchema-instance" xsi:noNamespaceSchemaLocation="https://maven.apache.org/surefire/maven-surefire-plugin/xsd/surefire-test-report-3.0.xsd" version="3.0" name="com.digitalpet.service.XPSystemProperties" time="0.18" tests="8" errors="0" skipped="0" failures="0">
  <properties>
[...]
</properties>
  <testcase name="Feature: digital-pet-evolution, Property 4: Consistency Score Calculation" classname="com.digitalpet.service.XPSystemProperties" time="0.007">
    <system-out><![CDATA[timestamp = 2026-01-05T10:38:40.646738800, XPSystemProperties:Feature: digital-pet-evolution, Property 4: Consistency Score Calculation = 
                              |-----------------------jqwik-----------------------
tries = 30                    | # of calls to property
checks = 30                   | # of not rejected calls
generation = EXHAUSTIVE       | parameters are exhaustively generated
after-failure = SAMPLE_FIRST  | try previously failed sample, then previous seed
when-fixed-seed = ALLOW       | fixing the random seed is allowed
edge-cases#mode = MIXIN       | edge cases are mixed in
edge-cases#total = 0          | # of all combined edge cases
edge-cases#tried = 0          | # of edge cases tried in current run
seed = -6931419389659314412   | random seed to reproduce generated values


]]></system-out>
  </testcase>
  <testcase name="Feature: digital-pet-evolution, Property 4: XP Calculation Transparency" classname="com.digitalpet.service.XPSystemProperties" time="0.049">
    <system-out><![CDATA[timestamp = 2026-01-05T10:38:40.696735, XPSystemProperties:Feature: digital-pet-evolution, Property 4: XP Calculation Transparency = 
                              |-----------------------jqwik-----------------------
tries = 1000                  | # of calls to property
checks = 1000                 | # of not rejected calls
generation = RANDOMIZED       | parameters are randomly generated
after-failure = SAMPLE_FIRST  | try previously failed sample, then previous seed
when-fixed-seed = ALLOW       | fixing the random seed is allowed
edge-cases#mode = MIXIN       | edge cases are mixed in
edge-cases#total = 5          | # of all combined edge cases
edge-cases#tried = 5          | # of edge cases tried in current run
seed = 3582450323383621918    | random seed to reproduce generated values


]]></system-out>
  </testcase>
  <testcase name="Feature: digital-pet-evolution, Property 5: Evolution Celebration Triggers" classname="com.digitalpet.service.XPSystemProperties" time="0.01">
    <system-out><![CDATA[timestamp = 2026-01-05T10:38:40.706738100, XPSystemProperties:Feature: digital-pet-evolution, Property 5: Evolution Celebration Triggers = 
                              |-----------------------jqwik-----------------------
tries = 1000                  | # of calls to property
checks = 1000                 | # of not rejected calls
generation = RANDOMIZED       | parameters are randomly generated
after-failure = SAMPLE_FIRST  | try previously failed sample, then previous seed
when-fixed-seed = ALLOW       | fixing the random seed is allowed
edge-cases#mode = MIXIN       | edge cases are mixed in
edge-cases#total = 20         | # of all combined edge cases
edge-cases#tried = 20         | # of edge cases tried in current run
seed = -2157762611019349162   | random seed to reproduce generated values


]]></system-out>
  </testcase>
  <testcase name="Feature: digital-pet-evolution, Property 4: XP Calculation Basic Monotonicity" classname="com.digitalpet.service.XPSystemProperties" time="0.032">
    <system-out><![CDATA[timestamp = 2026-01-05T10:38:40.738741400, XPSystemProperties:Feature: digital-pet-evolution, Property 4: XP Calculation Basic Monotonicity = 
                              |-----------------------jqwik-----------------------
tries = 1000                  | # of calls to property
checks = 1000                 | # of not rejected calls
generation = RANDOMIZED       | parameters are randomly generated
after-failure = SAMPLE_FIRST  | try previously failed sample, then previous seed
when-fixed-seed = ALLOW       | fixing the random seed is allowed
edge-cases#mode = MIXIN       | edge cases are mixed in
edge-cases#total = 25         | # of all combined edge cases
edge-cases#tried = 25         | # of edge cases tried in current run
seed = -7784405052596472405   | random seed to reproduce generated values


]]></system-out>
  </testcase>
  <testcase name="Feature: digital-pet-evolution, Property 4: XP Calculation Edge Cases" classname="com.digitalpet.service.XPSystemProperties" time="0.016">
    <system-out><![CDATA[timestamp = 2026-01-05T10:38:40.755738200, XPSystemProperties:Feature: digital-pet-evolution, Property 4: XP Calculation Edge Cases = 
                              |-----------------------jqwik-----------------------
tries = 1000                  | # of calls to property
checks = 1000                 | # of not rejected calls
generation = RANDOMIZED       | parameters are randomly generated
after-failure = SAMPLE_FIRST  | try previously failed sample, then previous seed
when-fixed-seed = ALLOW       | fixing the random seed is allowed
edge-cases#mode = MIXIN       | edge cases are mixed in
edge-cases#total = 5          | # of all combined edge cases
edge-cases#tried = 5          | # of edge cases tried in current run
seed = 4551860903495637515    | random seed to reproduce generated values


]]></system-out>
  </testcase>
  <testcase name="evolutionThresholdsAreProperlyOrdered" classname="com.digitalpet.service.XPSystemProperties" time="0.017">
    <system-out><![CDATA[timestamp = 2026-01-05T10:38:40.773736800, XPSystemProperties:Feature: digital-pet-evolution, Property 5: Evolution Thresholds Validation = 
                              |-----------------------jqwik-----------------------
tries = 1000                  | # of calls to property
checks = 1000                 | # of not rejected calls
generation = RANDOMIZED       | parameters are randomly generated
after-failure = SAMPLE_FIRST  | try previously failed sample, then previous seed
when-fixed-seed = ALLOW       | fixing the random seed is allowed
edge-cases#mode = MIXIN       | edge cases are mixed in
edge-cases#total = 0          | # of all combined edge cases
edge-cases#tried = 0          | # of edge cases tried in current run
seed = -44255965250947769     | random seed to reproduce generated values


]]></system-out>
    <system-err><![CDATA[Jan 05, 2026 10:38:40 AM net.jqwik.engine.execution.CheckedProperty maybeWarnOnMultipleTriesWithoutForallParameters
WARNING: Running Property [XPSystemProperties:Feature: digital-pet-evolution, Property 5: Evolution Thresholds Validation] in container [com.digitalpet.service.XPSystemProperties] without any @ForAll parameters for 1000 tries.
    Maybe you want to change it into an @Example?
]]></system-err>
  </testcase>
  <testcase name="Feature: digital-pet-evolution, Property 5: Evolution Progression Integrity" classname="com.digitalpet.service.XPSystemProperties" time="0.012">
    <system-out><![CDATA[timestamp = 2026-01-05T10:38:40.785739200, XPSystemProperties:Feature: digital-pet-evolution, Property 5: Evolution Progression Integrity = 
                              |-----------------------jqwik-----------------------
tries = 1000                  | # of calls to property
checks = 1000                 | # of not rejected calls
generation = RANDOMIZED       | parameters are randomly generated
after-failure = SAMPLE_FIRST  | try previously failed sample, then previous seed
when-fixed-seed = ALLOW       | fixing the random seed is allowed
edge-cases#mode = MIXIN       | edge cases are mixed in
edge-cases#total = 25         | # of all combined edge cases
edge-cases#tried = 25         | # of edge cases tried in current run
seed = -2349703385477948991   | random seed to reproduce generated values


]]></system-out>
  </testcase>
  <testcase name="Feature: digital-pet-evolution, Property 5: Evolution System Integration" classname="com.digitalpet.service.XPSystemProperties" time="0.031">
    <system-out><![CDATA[timestamp = 2026-01-05T10:38:40.816743300, XPSystemProperties:Feature: digital-pet-evolution, Property 5: Evolution System Integration = 
                              |-----------------------jqwik-----------------------
tries = 1000                  | # of calls to property
checks = 1000                 | # of not rejected calls
generation = RANDOMIZED       | parameters are randomly generated
after-failure = SAMPLE_FIRST  | try previously failed sample, then previous seed
when-fixed-seed = ALLOW       | fixing the random seed is allowed
edge-cases#mode = MIXIN       | edge cases are mixed in
edge-cases#total = 5          | # of all combined edge cases
edge-cases#tried = 5          | # of edge cases tried in current run
seed = 1799152415254574443    | random seed to reproduce generated values


]]></system-out>
  </testcase>
</testsuite>