<?xml version="1.0" encoding="UTF-8"?>
<testsuite xmlns:xsi="http://www.w3.org/2001/XMLSchema-instance" xsi:noNamespaceSchemaLocation="https://maven.apache.org/surefire/maven-surefire-plugin/xsd/surefire-test-report-3.0.xsd" version="3.0" name="com.digitalpet.service.DataExportImportServiceTest" time="1.839" tests="10" errors="0" skipped="0" failures="0">
  <properties>
[...]
</properties>
  <testcase name="testExportFileNaming" classname="com.digitalpet.service.DataExportImportServiceTest" time="0.246"/>
  <testcase name="testExportImportRoundTrip" classname="com.digitalpet.service.DataExportImportServiceTest" time="0.083"/>
  <testcase name="testExportToDefaultLocation" classname="com.digitalpet.service.DataExportImportServiceTest" time="0.073"/>
  <testcase name="testExportIncludesAllData" classname="com.digitalpet.service.DataExportImportServiceTest" time="0.06"/>
  <testcase name="testExportEmptyDatabase" classname="com.digitalpet.service.DataExportImportServiceTest" time="0.051"/>
  <testcase name="testImportValidatesFileExistence" classname="com.digitalpet.service.DataExportImportServiceTest" time="0.05"/>
  <testcase name="testExportEscapesSpecialCharacters" classname="com.digitalpet.service.DataExportImportServiceTest" time="0.061"/>
  <testcase name="testExportCreatesValidFile" classname="com.digitalpet.service.DataExportImportServiceTest" time="0.064"/>
  <testcase name="testMultipleExportsCreateDifferentFilenames" classname="com.digitalpet.service.DataExportImportServiceTest" time="1.065"/>
  <testcase name="testExportMetadata" classname="com.digitalpet.service.DataExportImportServiceTest" time="0.058"/>
</testsuite>